Sat Feb 18 00:32:24 2023|2|Generating master key challenge
Sat Feb 18 00:32:24 2023|2|Generating RSA keypair
Sat Feb 18 00:32:26 2023|2|Connecting to server.
Sat Feb 18 00:32:26 2023|2|Connection successful.
Sat Feb 18 00:39:35 2023|2|Shutting down client program
Sat Feb 18 00:40:30 2023|2|Successful login
Sat Feb 18 00:40:30 2023|2|Successfully loaded RSA keypair
Sat Feb 18 00:40:30 2023|2|Connecting to server.
Sat Feb 18 00:40:30 2023|2|Connection successful.
Sat Feb 18 00:46:32 2023|3|Message from unknown user 8200375d802be89e5438ad08. Requesting key.
Sat Feb 18 00:46:33 2023|3|Key received from server for 8200375d802be89e5438ad08.
Sat Feb 18 00:52:11 2023|2|Successful login
Sat Feb 18 00:52:11 2023|2|Successfully loaded RSA keypair
Sat Feb 18 00:52:11 2023|2|Connecting to server.
Sat Feb 18 00:52:11 2023|2|Connection successful.
Sat Feb 18 00:52:59 2023|1|Creating group mygrp: id = 5933091061317876937, members = ['8200375d802be89e5438ad08']
Sat Feb 18 00:53:59 2023|2|Successful login
Sat Feb 18 00:53:59 2023|2|Successfully loaded RSA keypair
Sat Feb 18 00:53:59 2023|2|Connecting to server.
Sat Feb 18 00:53:59 2023|2|Connection successful.
Sat Feb 18 00:54:05 2023|1|Creating group mygrp: id = 12477113434321332645, members = ['8200375d802be89e5438ad08']
Sat Feb 18 00:54:55 2023|2|Successful login
Sat Feb 18 00:54:55 2023|2|Successfully loaded RSA keypair
Sat Feb 18 00:54:55 2023|2|Connecting to server.
Sat Feb 18 00:54:55 2023|2|Connection successful.
Sat Feb 18 00:55:51 2023|2|Successful login
Sat Feb 18 00:55:52 2023|2|Successfully loaded RSA keypair
Sat Feb 18 00:55:52 2023|2|Connecting to server.
Sat Feb 18 00:55:52 2023|2|Connection successful.
Sat Feb 18 01:01:43 2023|2|Successful login
Sat Feb 18 01:01:43 2023|2|Successfully loaded RSA keypair
Sat Feb 18 01:01:43 2023|2|Connecting to server.
Sat Feb 18 01:01:44 2023|2|Connection successful.
Sat Feb 18 01:01:48 2023|3|Group 12477113434321332645 message hi my group -> 8200375d802be89e5438ad08
Sat Feb 18 01:02:41 2023|2|Shutting down client program
Sat Feb 18 01:02:41 2023|3|Trying to close connection to server
Sat Feb 18 01:02:41 2023|3|Able to close connection
Sat Feb 18 01:02:41 2023|2|Closed connection to server
