Sat Feb 18 00:29:30 2023|0|Running on 127.0.0.1:6000
Sat Feb 18 00:30:37 2023|2|New connection from: ('127.0.0.1', 48366)
Sat Feb 18 00:30:37 2023|2|Client authenticating as 2df83b2e1cd2d57073b8a9bf
Sat Feb 18 00:30:37 2023|1|User 2df83b2e1cd2d57073b8a9bf successfully authenticated
Sat Feb 18 00:31:11 2023|1|User 2df83b2e1cd2d57073b8a9bf closed the connection
Sat Feb 18 00:32:07 2023|0|Running on 127.0.0.1:6000
Sat Feb 18 00:32:26 2023|2|New connection from: ('127.0.0.1', 38896)
Sat Feb 18 00:32:26 2023|2|Client authenticating as 6199efe5c86d2043f7236d75
Sat Feb 18 00:32:26 2023|1|User 6199efe5c86d2043f7236d75 successfully authenticated
Sat Feb 18 00:32:37 2023|2|New connection from: ('127.0.0.1', 33318)
Sat Feb 18 00:32:37 2023|2|Client authenticating as 8200375d802be89e5438ad08
Sat Feb 18 00:32:37 2023|1|User 8200375d802be89e5438ad08 successfully authenticated
Sat Feb 18 00:34:58 2023|1|User 8200375d802be89e5438ad08 closed the connection
Sat Feb 18 00:34:59 2023|2|New connection from: ('127.0.0.1', 43196)
Sat Feb 18 00:35:00 2023|2|Client authenticating as 8200375d802be89e5438ad08
Sat Feb 18 00:35:00 2023|1|User 8200375d802be89e5438ad08 successfully authenticated
Sat Feb 18 00:39:35 2023|1|User 8200375d802be89e5438ad08 closed the connection
Sat Feb 18 00:39:41 2023|1|User 6199efe5c86d2043f7236d75 closed the connection
Sat Feb 18 00:40:30 2023|2|New connection from: ('127.0.0.1', 40478)
Sat Feb 18 00:40:30 2023|2|Client authenticating as 6199efe5c86d2043f7236d75
Sat Feb 18 00:40:30 2023|1|User 6199efe5c86d2043f7236d75 successfully authenticated
Sat Feb 18 00:40:35 2023|2|New connection from: ('127.0.0.1', 55056)
Sat Feb 18 00:40:35 2023|2|Client authenticating as 8200375d802be89e5438ad08
Sat Feb 18 00:40:35 2023|1|User 8200375d802be89e5438ad08 successfully authenticated
Sat Feb 18 00:46:01 2023|1|User 8200375d802be89e5438ad08 closed the connection
Sat Feb 18 00:46:02 2023|2|New connection from: ('127.0.0.1', 36790)
Sat Feb 18 00:46:02 2023|2|Client authenticating as 8200375d802be89e5438ad08
Sat Feb 18 00:46:02 2023|1|User 8200375d802be89e5438ad08 successfully authenticated
Sat Feb 18 00:46:32 2023|3|NewMessage 8200375d802be89e5438ad08 -> 6199efe5c86d2043f7236d75
Sat Feb 18 00:46:33 2023|3|GetKey 6199efe5c86d2043f7236d75 -> 0
Sat Feb 18 00:46:33 2023|3|User 6199efe5c86d2043f7236d75 requested key for user 8200375d802be89e5438ad08
Sat Feb 18 00:46:33 2023|3|Key found for user 8200375d802be89e5438ad08
Sat Feb 18 00:46:34 2023|3|MessageAccept 6199efe5c86d2043f7236d75 -> 8200375d802be89e5438ad08
Sat Feb 18 00:46:35 2023|3|GetKey 8200375d802be89e5438ad08 -> 0
Sat Feb 18 00:46:35 2023|3|User 8200375d802be89e5438ad08 requested key for user 6199efe5c86d2043f7236d75
Sat Feb 18 00:46:35 2023|3|Key found for user 6199efe5c86d2043f7236d75
Sat Feb 18 00:46:36 2023|3|MessageData 8200375d802be89e5438ad08 -> 6199efe5c86d2043f7236d75
Sat Feb 18 00:46:48 2023|1|User 6199efe5c86d2043f7236d75 closed the connection
Sat Feb 18 00:52:11 2023|2|New connection from: ('127.0.0.1', 52992)
Sat Feb 18 00:52:11 2023|2|Client authenticating as 6199efe5c86d2043f7236d75
Sat Feb 18 00:52:11 2023|1|User 6199efe5c86d2043f7236d75 successfully authenticated
Sat Feb 18 00:52:21 2023|3|NewMessage 6199efe5c86d2043f7236d75 -> 8200375d802be89e5438ad08
Sat Feb 18 00:52:22 2023|3|MessageAccept 8200375d802be89e5438ad08 -> 6199efe5c86d2043f7236d75
Sat Feb 18 00:52:24 2023|3|MessageData 6199efe5c86d2043f7236d75 -> 8200375d802be89e5438ad08
Sat Feb 18 00:53:43 2023|1|User 6199efe5c86d2043f7236d75 closed the connection
Sat Feb 18 00:53:48 2023|3|Quit 8200375d802be89e5438ad08 -> 0
Sat Feb 18 00:53:48 2023|1|User 8200375d802be89e5438ad08 requested a logout
Sat Feb 18 00:53:48 2023|1|User 8200375d802be89e5438ad08 closed the connection
Sat Feb 18 00:53:54 2023|2|New connection from: ('127.0.0.1', 38960)
Sat Feb 18 00:53:54 2023|2|Client authenticating as 8200375d802be89e5438ad08
Sat Feb 18 00:53:54 2023|1|User 8200375d802be89e5438ad08 successfully authenticated
Sat Feb 18 00:53:59 2023|2|New connection from: ('127.0.0.1', 38962)
Sat Feb 18 00:53:59 2023|2|Client authenticating as 6199efe5c86d2043f7236d75
Sat Feb 18 00:53:59 2023|1|User 6199efe5c86d2043f7236d75 successfully authenticated
Sat Feb 18 00:54:06 2023|3|CreateGroup 6199efe5c86d2043f7236d75 -> 8200375d802be89e5438ad08
Sat Feb 18 00:54:47 2023|3|Quit 8200375d802be89e5438ad08 -> 0
Sat Feb 18 00:54:47 2023|1|User 8200375d802be89e5438ad08 requested a logout
Sat Feb 18 00:54:47 2023|1|User 8200375d802be89e5438ad08 closed the connection
Sat Feb 18 00:54:47 2023|1|User 6199efe5c86d2043f7236d75 closed the connection
Sat Feb 18 00:54:50 2023|2|New connection from: ('127.0.0.1', 37834)
Sat Feb 18 00:54:50 2023|2|Client authenticating as 8200375d802be89e5438ad08
Sat Feb 18 00:54:50 2023|1|User 8200375d802be89e5438ad08 successfully authenticated
Sat Feb 18 00:54:55 2023|2|New connection from: ('127.0.0.1', 55752)
Sat Feb 18 00:54:55 2023|2|Client authenticating as 6199efe5c86d2043f7236d75
Sat Feb 18 00:54:55 2023|1|User 6199efe5c86d2043f7236d75 successfully authenticated
Sat Feb 18 00:55:45 2023|1|User 6199efe5c86d2043f7236d75 closed the connection
Sat Feb 18 00:55:46 2023|3|Quit 8200375d802be89e5438ad08 -> 0
Sat Feb 18 00:55:46 2023|1|User 8200375d802be89e5438ad08 requested a logout
Sat Feb 18 00:55:46 2023|1|User 8200375d802be89e5438ad08 closed the connection
Sat Feb 18 00:55:49 2023|2|New connection from: ('127.0.0.1', 59846)
Sat Feb 18 00:55:49 2023|2|Client authenticating as 8200375d802be89e5438ad08
Sat Feb 18 00:55:49 2023|1|User 8200375d802be89e5438ad08 successfully authenticated
Sat Feb 18 00:55:52 2023|2|New connection from: ('127.0.0.1', 50666)
Sat Feb 18 00:55:52 2023|2|Client authenticating as 6199efe5c86d2043f7236d75
Sat Feb 18 00:55:52 2023|1|User 6199efe5c86d2043f7236d75 successfully authenticated
Sat Feb 18 01:01:35 2023|3|Quit 8200375d802be89e5438ad08 -> 0
Sat Feb 18 01:01:35 2023|1|User 8200375d802be89e5438ad08 requested a logout
Sat Feb 18 01:01:35 2023|1|User 8200375d802be89e5438ad08 closed the connection
Sat Feb 18 01:01:35 2023|1|User 6199efe5c86d2043f7236d75 closed the connection
Sat Feb 18 01:01:37 2023|2|New connection from: ('127.0.0.1', 51420)
Sat Feb 18 01:01:37 2023|2|Client authenticating as 8200375d802be89e5438ad08
Sat Feb 18 01:01:37 2023|1|User 8200375d802be89e5438ad08 successfully authenticated
Sat Feb 18 01:01:43 2023|2|New connection from: ('127.0.0.1', 48676)
Sat Feb 18 01:01:43 2023|2|Client authenticating as 6199efe5c86d2043f7236d75
Sat Feb 18 01:01:43 2023|1|User 6199efe5c86d2043f7236d75 successfully authenticated
Sat Feb 18 01:01:49 2023|3|NewMessage 6199efe5c86d2043f7236d75 -> 8200375d802be89e5438ad08
Sat Feb 18 01:01:50 2023|3|MessageAccept 8200375d802be89e5438ad08 -> 6199efe5c86d2043f7236d75
Sat Feb 18 01:01:52 2023|3|MessageData 6199efe5c86d2043f7236d75 -> 8200375d802be89e5438ad08
Sat Feb 18 01:02:10 2023|3|NewMessage 8200375d802be89e5438ad08 -> 6199efe5c86d2043f7236d75
Sat Feb 18 01:02:11 2023|3|MessageAccept 6199efe5c86d2043f7236d75 -> 8200375d802be89e5438ad08
Sat Feb 18 01:02:13 2023|3|MessageData 8200375d802be89e5438ad08 -> 6199efe5c86d2043f7236d75
Sat Feb 18 01:02:30 2023|3|NewMessage 8200375d802be89e5438ad08 -> 6199efe5c86d2043f7236d75
Sat Feb 18 01:02:31 2023|3|MessageAccept 6199efe5c86d2043f7236d75 -> 8200375d802be89e5438ad08
Sat Feb 18 01:02:33 2023|3|MessageData 8200375d802be89e5438ad08 -> 6199efe5c86d2043f7236d75
Sat Feb 18 01:02:34 2023|3|NotAllowed 6199efe5c86d2043f7236d75 -> 8200375d802be89e5438ad08
Sat Feb 18 01:02:41 2023|3|Quit 6199efe5c86d2043f7236d75 -> 0
Sat Feb 18 01:02:41 2023|1|User 6199efe5c86d2043f7236d75 requested a logout
Sat Feb 18 01:02:41 2023|1|User 6199efe5c86d2043f7236d75 closed the connection
Sat Feb 18 01:02:43 2023|3|Quit 8200375d802be89e5438ad08 -> 0
Sat Feb 18 01:02:43 2023|1|User 8200375d802be89e5438ad08 requested a logout
Sat Feb 18 01:02:43 2023|1|User 8200375d802be89e5438ad08 closed the connection
